<?xml version="1.0" encoding="UTF-8"?>
<!-- Generated by org.testng.reporters.JUnitReportReporter -->
<testsuite hostname="DESKTOP-1MSC5F6" failures="0" tests="1" name="Tc02" time="9.407" errors="0" timestamp="2022-01-24T17:07:06 IST" skipped="0">
  <testcase classname="Tc02" name="Facbookpage" time="9.407"/>
  <system-out/>
</testsuite> <!-- Tc02 -->
